This is pdfTeX, Version 3.14159265-2.6-1.40.16 (MiKTeX 2.9 64-bit) (preloaded format=pdflatex 2016.1.28)  26 SEP 2016 11:49
entering extended mode
**./CreateSHdirectory.tex
(CreateSHdirectory.tex
LaTeX2e <2015/10/01> patch level 2
Babel <3.9n> and hyphenation patterns for 69 languages loaded.
("C:\Program Files\MiKTeX 2.9\tex\latex\base\article.cls"
Document Class: article 2014/09/29 v1.4h Standard LaTeX document class
("C:\Program Files\MiKTeX 2.9\tex\latex\base\size10.clo"
File: size10.clo 2014/09/29 v1.4h Standard LaTeX file (size option)
)
\c@part=\count79
\c@section=\count80
\c@subsection=\count81
\c@subsubsection=\count82
\c@paragraph=\count83
\c@subparagraph=\count84
\c@figure=\count85
\c@table=\count86
\abovecaptionskip=\skip41
\belowcaptionskip=\skip42
\bibindent=\dimen102
)
("C:\Program Files\MiKTeX 2.9\tex\latex\graphics\graphicx.sty"
Package: graphicx 2014/10/28 v1.0g Enhanced LaTeX Graphics (DPC,SPQR)

("C:\Program Files\MiKTeX 2.9\tex\latex\graphics\keyval.sty"
Package: keyval 2014/10/28 v1.15 key=value parser (DPC)
\KV@toks@=\toks14
)
("C:\Program Files\MiKTeX 2.9\tex\latex\graphics\graphics.sty"
Package: graphics 2014/10/28 v1.0p Standard LaTeX Graphics (DPC,SPQR)

("C:\Program Files\MiKTeX 2.9\tex\latex\graphics\trig.sty"
Package: trig 1999/03/16 v1.09 sin cos tan (DPC)
)
("C:\Program Files\MiKTeX 2.9\tex\latex\00miktex\graphics.cfg"
File: graphics.cfg 2007/01/18 v1.5 graphics configuration of teTeX/TeXLive
)
Package graphics Info: Driver file: pdftex.def on input line 94.

("C:\Program Files\MiKTeX 2.9\tex\latex\pdftex-def\pdftex.def"
File: pdftex.def 2011/05/27 v0.06d Graphics/color for pdfTeX

("C:\Program Files\MiKTeX 2.9\tex\generic\oberdiek\infwarerr.sty"
Package: infwarerr 2010/04/08 v1.3 Providing info/warning/error messages (HO)
)
("C:\Program Files\MiKTeX 2.9\tex\generic\oberdiek\ltxcmds.sty"
Package: ltxcmds 2011/11/09 v1.22 LaTeX kernel commands for general use (HO)
)
\Gread@gobject=\count87
))
\Gin@req@height=\dimen103
\Gin@req@width=\dimen104
)
("C:\Program Files\MiKTeX 2.9\tex\latex\graphics\color.sty"
Package: color 2014/10/28 v1.1a Standard LaTeX Color (DPC)

("C:\Program Files\MiKTeX 2.9\tex\latex\00miktex\color.cfg"
File: color.cfg 2007/01/18 v1.5 color configuration of teTeX/TeXLive
)
Package color Info: Driver file: pdftex.def on input line 142.
)
("C:\Users\dlaroche\AppData\Local\Programs\MiKTeX 2.9\tex\latex\framed\framed.s
ty"
Package: framed 2011/10/22 v 0.96: framed or shaded text with page breaks
\OuterFrameSep=\skip43
\fb@frw=\dimen105
\fb@frh=\dimen106
\FrameRule=\dimen107
\FrameSep=\dimen108
) ("C:\Program Files\MiKTeX 2.9\tex\latex\base\alltt.sty"
Package: alltt 1997/06/16 v2.0g defines alltt environment
)
("C:\Program Files\MiKTeX 2.9\tex\latex\geometry\geometry.sty"
Package: geometry 2010/09/12 v5.6 Page Geometry

("C:\Program Files\MiKTeX 2.9\tex\generic\oberdiek\ifpdf.sty"
Package: ifpdf 2011/01/30 v2.3 Provides the ifpdf switch (HO)
Package ifpdf Info: pdfTeX in PDF mode is detected.
)
("C:\Program Files\MiKTeX 2.9\tex\generic\oberdiek\ifvtex.sty"
Package: ifvtex 2010/03/01 v1.5 Detect VTeX and its facilities (HO)
Package ifvtex Info: VTeX not detected.
)
("C:\Program Files\MiKTeX 2.9\tex\generic\ifxetex\ifxetex.sty"
Package: ifxetex 2010/09/12 v0.6 Provides ifxetex conditional
)
\Gm@cnth=\count88
\Gm@cntv=\count89
\c@Gm@tempcnt=\count90
\Gm@bindingoffset=\dimen109
\Gm@wd@mp=\dimen110
\Gm@odd@mp=\dimen111
\Gm@even@mp=\dimen112
\Gm@layoutwidth=\dimen113
\Gm@layoutheight=\dimen114
\Gm@layouthoffset=\dimen115
\Gm@layoutvoffset=\dimen116
\Gm@dimlist=\toks15

("C:\Program Files\MiKTeX 2.9\tex\latex\geometry\geometry.cfg"))
("C:\Program Files\MiKTeX 2.9\tex\latex\tools\array.sty"
Package: array 2014/10/28 v2.4c Tabular extension package (FMi)
\col@sep=\dimen117
\extrarowheight=\dimen118
\NC@list=\toks16
\extratabsurround=\skip44
\backup@length=\skip45
)
("C:\Program Files\MiKTeX 2.9\tex\latex\tools\longtable.sty"
Package: longtable 2014/10/28 v4.11 Multi-page Table package (DPC)
\LTleft=\skip46
\LTright=\skip47
\LTpre=\skip48
\LTpost=\skip49
\LTchunksize=\count91
\LTcapwidth=\dimen119
\LT@head=\box26
\LT@firsthead=\box27
\LT@foot=\box28
\LT@lastfoot=\box29
\LT@cols=\count92
\LT@rows=\count93
\c@LT@tables=\count94
\c@LT@chunks=\count95
\LT@p@ftn=\toks17
)
("C:\Program Files\MiKTeX 2.9\tex\latex\multirow\multirow.sty"
\bigstrutjot=\dimen120
)
("C:\Program Files\MiKTeX 2.9\tex\latex\hyperref\hyperref.sty"
Package: hyperref 2012/11/06 v6.83m Hypertext links for LaTeX

("C:\Program Files\MiKTeX 2.9\tex\generic\oberdiek\hobsub-hyperref.sty"
Package: hobsub-hyperref 2012/04/25 v1.12 Bundle oberdiek, subset hyperref (HO)


("C:\Program Files\MiKTeX 2.9\tex\generic\oberdiek\hobsub-generic.sty"
Package: hobsub-generic 2012/04/25 v1.12 Bundle oberdiek, subset generic (HO)
Package: hobsub 2012/04/25 v1.12 Construct package bundles (HO)
Package hobsub Info: Skipping package `infwarerr' (already loaded).
Package hobsub Info: Skipping package `ltxcmds' (already loaded).
Package: ifluatex 2010/03/01 v1.3 Provides the ifluatex switch (HO)
Package ifluatex Info: LuaTeX not detected.
Package hobsub Info: Skipping package `ifvtex' (already loaded).
Package: intcalc 2007/09/27 v1.1 Expandable calculations with integers (HO)
Package hobsub Info: Skipping package `ifpdf' (already loaded).
Package: etexcmds 2011/02/16 v1.5 Avoid name clashes with e-TeX commands (HO)
Package etexcmds Info: Could not find \expanded.
(etexcmds)             That can mean that you are not using pdfTeX 1.50 or
(etexcmds)             that some package has redefined \expanded.
(etexcmds)             In the latter case, load this package earlier.
Package: kvsetkeys 2012/04/25 v1.16 Key value parser (HO)
Package: kvdefinekeys 2011/04/07 v1.3 Define keys (HO)
Package: pdftexcmds 2011/11/29 v0.20 Utility functions of pdfTeX for LuaTeX (HO
)
Package pdftexcmds Info: LuaTeX not detected.
Package pdftexcmds Info: \pdf@primitive is available.
Package pdftexcmds Info: \pdf@ifprimitive is available.
Package pdftexcmds Info: \pdfdraftmode found.
Package: pdfescape 2011/11/25 v1.13 Implements pdfTeX's escape features (HO)
Package: bigintcalc 2012/04/08 v1.3 Expandable calculations on big integers (HO
)
Package: bitset 2011/01/30 v1.1 Handle bit-vector datatype (HO)
Package: uniquecounter 2011/01/30 v1.2 Provide unlimited unique counter (HO)
)
Package hobsub Info: Skipping package `hobsub' (already loaded).
Package: letltxmacro 2010/09/02 v1.4 Let assignment for LaTeX macros (HO)
Package: hopatch 2011/06/24 v1.1 Wrapper for package hooks (HO)
Package: xcolor-patch 2011/01/30 xcolor patch
Package: atveryend 2011/06/30 v1.8 Hooks at the very end of document (HO)
Package atveryend Info: \enddocument detected (standard20110627).
Package: atbegshi 2011/10/05 v1.16 At begin shipout hook (HO)
Package: refcount 2011/10/16 v3.4 Data extraction from label references (HO)
Package: hycolor 2011/01/30 v1.7 Color options for hyperref/bookmark (HO)
)
("C:\Program Files\MiKTeX 2.9\tex\latex\oberdiek\auxhook.sty"
Package: auxhook 2011/03/04 v1.3 Hooks for auxiliary files (HO)
)
("C:\Program Files\MiKTeX 2.9\tex\latex\oberdiek\kvoptions.sty"
Package: kvoptions 2011/06/30 v3.11 Key value format for package options (HO)
)
\@linkdim=\dimen121
\Hy@linkcounter=\count96
\Hy@pagecounter=\count97

("C:\Program Files\MiKTeX 2.9\tex\latex\hyperref\pd1enc.def"
File: pd1enc.def 2012/11/06 v6.83m Hyperref: PDFDocEncoding definition (HO)
)
\Hy@SavedSpaceFactor=\count98

("C:\Program Files\MiKTeX 2.9\tex\latex\00miktex\hyperref.cfg"
File: hyperref.cfg 2002/06/06 v1.2 hyperref configuration of TeXLive
)
Package hyperref Info: Option `colorlinks' set `true' on input line 4319.
Package hyperref Info: Hyper figures OFF on input line 4443.
Package hyperref Info: Link nesting OFF on input line 4448.
Package hyperref Info: Hyper index ON on input line 4451.
Package hyperref Info: Plain pages OFF on input line 4458.
Package hyperref Info: Backreferencing OFF on input line 4463.
Package hyperref Info: Implicit mode ON; LaTeX internals redefined.
Package hyperref Info: Bookmarks ON on input line 4688.
\c@Hy@tempcnt=\count99

("C:\Users\dlaroche\AppData\Local\Programs\MiKTeX 2.9\tex\latex\url\url.sty"
\Urlmuskip=\muskip10
Package: url 2013/09/16  ver 3.4  Verb mode for urls, etc.
)
LaTeX Info: Redefining \url on input line 5041.
\XeTeXLinkMargin=\dimen122
\Fld@menulength=\count100
\Field@Width=\dimen123
\Fld@charsize=\dimen124
Package hyperref Info: Hyper figures OFF on input line 6295.
Package hyperref Info: Link nesting OFF on input line 6300.
Package hyperref Info: Hyper index ON on input line 6303.
Package hyperref Info: backreferencing OFF on input line 6310.
Package hyperref Info: Link coloring ON on input line 6313.
Package hyperref Info: Link coloring with OCG OFF on input line 6320.
Package hyperref Info: PDF/A mode OFF on input line 6325.
LaTeX Info: Redefining \ref on input line 6365.
LaTeX Info: Redefining \pageref on input line 6369.
\Hy@abspage=\count101
\c@Item=\count102
\c@Hfootnote=\count103
)

Package hyperref Message: Driver (autodetected): hpdftex.

("C:\Program Files\MiKTeX 2.9\tex\latex\hyperref\hpdftex.def"
File: hpdftex.def 2012/11/06 v6.83m Hyperref driver for pdfTeX
\Fld@listcount=\count104
\c@bookmark@seq@number=\count105

("C:\Program Files\MiKTeX 2.9\tex\latex\oberdiek\rerunfilecheck.sty"
Package: rerunfilecheck 2011/04/15 v1.7 Rerun checks for auxiliary files (HO)
Package uniquecounter Info: New unique counter `rerunfilecheck' on input line 2
82.
)
\Hy@SectionHShift=\skip50
)
("C:\Users\dlaroche\AppData\Local\Programs\MiKTeX 2.9\tex\latex\upquote\upquote
.sty"
Package: upquote 2012/04/19 v1.3 upright-quote and grave-accent glyphs in verba
tim
) (CreateSHdirectory.aux)
\openout1 = `CreateSHdirectory.aux'.

LaTeX Font Info:    Checking defaults for OML/cmm/m/it on input line 59.
LaTeX Font Info:    ... okay on input line 59.
LaTeX Font Info:    Checking defaults for T1/cmr/m/n on input line 59.
LaTeX Font Info:    ... okay on input line 59.
LaTeX Font Info:    Checking defaults for OT1/cmr/m/n on input line 59.
LaTeX Font Info:    ... okay on input line 59.
LaTeX Font Info:    Checking defaults for OMS/cmsy/m/n on input line 59.
LaTeX Font Info:    ... okay on input line 59.
LaTeX Font Info:    Checking defaults for OMX/cmex/m/n on input line 59.
LaTeX Font Info:    ... okay on input line 59.
LaTeX Font Info:    Checking defaults for U/cmr/m/n on input line 59.
LaTeX Font Info:    ... okay on input line 59.
LaTeX Font Info:    Checking defaults for PD1/pdf/m/n on input line 59.
LaTeX Font Info:    ... okay on input line 59.

("C:\Users\dlaroche\AppData\Local\Programs\MiKTeX 2.9\tex\context\base\supp-pdf
.mkii"
[Loading MPS to PDF converter (version 2006.09.02).]
\scratchcounter=\count106
\scratchdimen=\dimen125
\scratchbox=\box30
\nofMPsegments=\count107
\nofMParguments=\count108
\everyMPshowfont=\toks18
\MPscratchCnt=\count109
\MPscratchDim=\dimen126
\MPnumerator=\count110
\makeMPintoPDFobject=\count111
\everyMPtoPDFconversion=\toks19
)
*geometry* driver: auto-detecting
*geometry* detected driver: pdftex
*geometry* verbose mode - [ preamble ] result:
* driver: pdftex
* paper: <default>
* layout: <same size as paper>
* layoutoffset:(h,v)=(0.0pt,0.0pt)
* modes: landscape 
* h-part:(L,W,R)=(36.135pt, 722.7pt, 36.135pt)
* v-part:(T,H,B)=(36.135pt, 542.02501pt, 36.135pt)
* \paperwidth=794.96999pt
* \paperheight=614.295pt
* \textwidth=722.7pt
* \textheight=542.02501pt
* \oddsidemargin=-36.135pt
* \evensidemargin=-36.135pt
* \topmargin=-73.135pt
* \headheight=12.0pt
* \headsep=25.0pt
* \topskip=10.0pt
* \footskip=30.0pt
* \marginparwidth=144.0pt
* \marginparsep=11.0pt
* \columnsep=10.0pt
* \skip\footins=9.0pt plus 4.0pt minus 2.0pt
* \hoffset=0.0pt
* \voffset=0.0pt
* \mag=1000
* \@twocolumnfalse
* \@twosidefalse
* \@mparswitchfalse
* \@reversemarginfalse
* (1in=72.27pt=25.4mm, 1cm=28.453pt)

\AtBeginShipoutBox=\box31
Package hyperref Info: Link coloring ON on input line 59.
("C:\Program Files\MiKTeX 2.9\tex\latex\hyperref\nameref.sty"
Package: nameref 2012/10/27 v2.43 Cross-referencing by name of section

("C:\Program Files\MiKTeX 2.9\tex\generic\oberdiek\gettitlestring.sty"
Package: gettitlestring 2010/12/03 v1.4 Cleanup title references (HO)
)
\c@section@level=\count112
)
LaTeX Info: Redefining \ref on input line 59.
LaTeX Info: Redefining \pageref on input line 59.
LaTeX Info: Redefining \nameref on input line 59.

(CreateSHdirectory.out) (CreateSHdirectory.out)
\@outlinefile=\write3
\openout3 = `CreateSHdirectory.out'.


<./images/SamHughesHuskies.png, id=87, 455.301pt x 323.40825pt>
File: ./images/SamHughesHuskies.png Graphic file (type png)

<use ./images/SamHughesHuskies.png>
Package pdftex.def Info: ./images/SamHughesHuskies.png used on input line 63.
(pdftex.def)             Requested size: 455.29988pt x 323.40744pt.
 [1

{C:/Users/dlaroche/AppData/Local/MiKTeX/2.9/pdftex/config/pdftex.map} <./images
/SamHughesHuskies.png>]
(CreateSHdirectory.toc
LaTeX Font Info:    External font `cmex10' loaded for size
(Font)              <7> on input line 2.
LaTeX Font Info:    External font `cmex10' loaded for size
(Font)              <5> on input line 2.
)
\tf@toc=\write4
\openout4 = `CreateSHdirectory.toc'.

 [2]
Underfull \hbox (badness 10000) in paragraph at lines 86--86
[]|\OT1/cmr/m/n/10 Anna, Wa-ter-
 []


Overfull \hbox (1.69475pt too wide) in paragraph at lines 89--89
[]|\OT1/cmr/m/n/10 ywang78@email.arizona.edu| 
 []


Underfull \hbox (badness 10000) in paragraph at lines 90--90
[]|\OT1/cmr/m/n/10 +86-
 []


Underfull \hbox (badness 10000) in paragraph at lines 93--93
[]|\OT1/cmr/m/n/10 Adalberto
 []


Underfull \hbox (badness 10000) in paragraph at lines 114--114
[]|\OT1/cmr/m/n/10 Adalberto
 []


Overfull \hbox (7.44467pt too wide) in paragraph at lines 116--116
[]|\OT1/cmr/m/n/10 desiree.groseclose@gmail.com| 
 []

[3]
! You can't use `macro parameter character #' in horizontal mode.
<argument> 2049 E. 6th St. ##
                             2
l.137 ...& \multirow{2}{100pt}{2049 E. 6th St. #2}
                                                   \\
Sorry, but I'm not programmed to handle this case;
I'll just pretend that you didn't ask for it.
If you're in the wrong mode, you might be able to
return to the right one by typing `I}' or `I$' or `I\par'.


Underfull \hbox (badness 7667) in paragraph at lines 140--140
[]|\OT1/cmr/m/n/10 Emily Holewin-
 []


Underfull \hbox (badness 10000) in paragraph at lines 141--141
[]|\OT1/cmr/m/n/10 William
 []


Underfull \hbox (badness 10000) in paragraph at lines 150--150
[]|\OT1/cmr/m/n/10 Amanda
 []

[4]
Overfull \hbox (57.43091pt too wide) in paragraph at lines 158--158
[]|\OT1/cmr/m/n/10 ASHLEY.MARTINEZ09@GMAIL.COM| 
 []


Underfull \hbox (badness 10000) in paragraph at lines 164--164
[]|\OT1/cmr/m/n/10 Francisco Pe-
 []


Overfull \vbox (12.0pt too high) detected at line 170
 []


Overfull \hbox (4.61136pt too wide) in paragraph at lines 170--170
[]|\OT1/cmr/m/n/10 eric.j.christensen@gmail.com| 
 []

[5]
Underfull \hbox (badness 10000) in paragraph at lines 181--181
[]|\OT1/cmr/m/n/10 Adalberto
 []


Overfull \vbox (12.0pt too high) detected at line 189
 []


Overfull \hbox (18.8893pt too wide) in paragraph at lines 192--192
[]|\OT1/cmr/m/n/10 honkytonkhacienda@yahoo.com| 
 []


Overfull \hbox (17.05586pt too wide) in paragraph at lines 193--193
[]|\OT1/cmr/m/n/10 dschoonover@email.arizona.edu| 
 []


Overfull \vbox (12.0pt too high) detected at line 195
 []


Overfull \hbox (18.13919pt too wide) in paragraph at lines 199--199
[]|\OT1/cmr/m/n/10 george@hermancontracting.com| 
 []


Overfull \hbox (6.10033pt too wide) in paragraph at lines 201--201
[]|\OT1/cmr/m/n/10 amanda[]celaya@hotmail.com| 
 []


Overfull \hbox (0.86145pt too wide) in paragraph at lines 204--204
[]|\OT1/cmr/m/n/10 nmurphy2027@hotmail.com| 
 []


Underfull \hbox (badness 10000) in paragraph at lines 211--211
[]|\OT1/cmr/m/n/10 Adalberto
 []


Overfull \vbox (12.0pt too high) detected at line 213
 []


Overfull \vbox (12.0pt too high) detected at line 216
 []


Underfull \hbox (badness 10000) in paragraph at lines 216--216
[]|\OT1/cmr/m/n/10 Nastia, Snider-
 []


Underfull \hbox (badness 10000) in paragraph at lines 217--217
[]|\OT1/cmr/m/n/10 Brian, Snider-
 []

[6]
Underfull \hbox (badness 10000) in paragraph at lines 231--231
[]|\OT1/cmr/m/n/10 Amanda
 []


Underfull \hbox (badness 6542) in paragraph at lines 235--235
[]|\OT1/cmr/m/n/10 Joshua Werten-
 []


Overfull \hbox (25.97264pt too wide) in paragraph at lines 237--237
[]|\OT1/cmr/m/n/10 krishnasbodypainting@gmail.com| 
 []


Underfull \hbox (badness 10000) in paragraph at lines 249--249
[]|\OT1/cmr/m/n/10 Starlight Noel-
 []


Overfull \hbox (21.7781pt too wide) in paragraph at lines 249--249
[]|\OT1/cmr/m/n/10 snoelarmenta@email.arizona.edu| 
 []


Underfull \hbox (badness 10000) in paragraph at lines 249--249
[]|\OT1/cmr/m/n/10 (520)979-
 []


Underfull \hbox (badness 10000) in paragraph at lines 250--250
[]|\OT1/cmr/m/n/10 (520)955-
 []


Underfull \hbox (badness 10000) in paragraph at lines 259--259
[]|\OT1/cmr/m/n/10 Daniel Cas-
 []

[7]
Underfull \hbox (badness 6236) in paragraph at lines 268--268
[]|\OT1/cmr/m/n/10 Carolyn An-der-
 []


Overfull \hbox (17.3614pt too wide) in paragraph at lines 268--268
[]|\OT1/cmr/m/n/10 candersen@graylinearizona.com| 
 []


Overfull \hbox (1.29193pt too wide) in paragraph at lines 272--272
[]|\OT1/cmr/m/n/10 Gracemorales02@gmail.com| 
 []


Underfull \hbox (badness 10000) in paragraph at lines 275--275
[]|\OT1/cmr/m/n/10 Shelley,
 []


Underfull \hbox (badness 10000) in paragraph at lines 275--275
\OT1/cmr/m/n/10 Hawthorne-
 []


Overfull \hbox (6.2225pt too wide) in paragraph at lines 277--277
[]|\OT1/cmr/m/n/10 ezrasmith@email.arizona.edu| 
 []


Underfull \hbox (badness 10000) in paragraph at lines 280--280
[]|\OT1/cmr/m/n/10 Jennifer Kirk-
 []


Overfull \hbox (17.86148pt too wide) in paragraph at lines 280--280
[]|\OT1/cmr/m/n/10 jenniferkirkpatrick1@gmail.com| 
 []


Underfull \hbox (badness 10000) in paragraph at lines 281--281
[]|\OT1/cmr/m/n/10 Chris Kirk-
 []


Overfull \hbox (4.50023pt too wide) in paragraph at lines 290--290
[]|\OT1/cmr/m/n/10 Denise.connors@comcast.net| 
 []


Overfull \hbox (15.0281pt too wide) in paragraph at lines 292--292
[]|\OT1/cmr/m/n/10 martinezangelica@hotmail.com| 
 []


Underfull \hbox (badness 10000) in paragraph at lines 304--304
[]|\OT1/cmr/m/n/10 Lesleigh
 []


Overfull \hbox (21.94478pt too wide) in paragraph at lines 304--304
[]|\OT1/cmr/m/n/10 Lesleigh.rutkowski@hotmail.com| 
 []


Underfull \hbox (badness 10000) in paragraph at lines 308--308
[]|\OT1/cmr/m/n/10 Shelley
 []


Underfull \hbox (badness 10000) in paragraph at lines 308--308
\OT1/cmr/m/n/10 Hawthorne
 []


Underfull \hbox (badness 10000) in paragraph at lines 310--310
[]|\OT1/cmr/m/n/10 Justine Wol-ge-
 []


Underfull \hbox (badness 10000) in paragraph at lines 311--311
[]|\OT1/cmr/m/n/10 Charles Wol-ge-
 []


Overfull \hbox (5.33365pt too wide) in paragraph at lines 319--319
[]|\OT1/cmr/m/n/10 eleonorademaria@yahoo.com| 
 []


Underfull \hbox (badness 10000) in paragraph at lines 320--320
[]|\OT1/cmr/m/n/10 Eleonora De-
 []


Underfull \hbox (badness 6236) in paragraph at lines 322--322
[]|\OT1/cmr/m/n/10 Carolyn An-der-
 []

[8] [9]
Underfull \hbox (badness 4217) in paragraph at lines 346--346
[]|\OT1/cmr/m/n/10 Md Iqbal Hos-
 []


Underfull \hbox (badness 10000) in paragraph at lines 347--347
[]|\OT1/cmr/m/n/10 Sammi Abida
 []


Underfull \hbox (badness 2875) in paragraph at lines 350--350
[]|\OT1/cmr/m/n/10 Evan Wor-thing-
 []


Overfull \hbox (13.63925pt too wide) in paragraph at lines 350--350
[]|\OT1/cmr/m/n/10 evanworthington@outlook.com| 
 []


Overfull \hbox (4.77808pt too wide) in paragraph at lines 365--365
[]|\OT1/cmr/m/n/10 tyler.jacob.meier@gmail.com| 
 []

[10]
Overfull \hbox (16.417pt too wide) in paragraph at lines 381--381
[]|\OT1/cmr/m/n/10 yinghuichou@email.arizona.edu| 
 []


Overfull \hbox (16.417pt too wide) in paragraph at lines 387--387
[]|\OT1/cmr/m/n/10 yinghuichou@email.arizona.edu| 
 []


Underfull \hbox (badness 10000) in paragraph at lines 389--389
[]|\OT1/cmr/m/n/10 Nastia, Snider-
 []


Underfull \hbox (badness 10000) in paragraph at lines 390--390
[]|\OT1/cmr/m/n/10 Brian, Snider-
 []

[11]
Overfull \hbox (5.44473pt too wide) in paragraph at lines 404--404
[]|\OT1/cmr/m/n/10 jsummers@email.arizona.edu| 
 []


Underfull \hbox (badness 10000) in paragraph at lines 410--410
[]|\OT1/cmr/m/n/10 (520)977-
 []


Underfull \hbox (badness 10000) in paragraph at lines 411--411
[]|\OT1/cmr/m/n/10 (520)661-
 []


Underfull \hbox (badness 10000) in paragraph at lines 414--414
[]|\OT1/cmr/m/n/10 Ken Youens-
 []


Underfull \hbox (badness 10000) in paragraph at lines 416--416
[]|\OT1/cmr/m/n/10 Matthew, Sta-
 []


Underfull \hbox (badness 10000) in paragraph at lines 417--417
[]|\OT1/cmr/m/n/10 Jessica, Sum-
 []


Overfull \hbox (5.44473pt too wide) in paragraph at lines 417--417
[]|\OT1/cmr/m/n/10 jsummers@email.arizona.edu| 
 []

[12]
Overfull \hbox (5.02806pt too wide) in paragraph at lines 442--442
[]|\OT1/cmr/m/n/10 Matthewjlbecker@gmail.com| 
 []


Underfull \hbox (badness 4217) in paragraph at lines 447--447
[]|\OT1/cmr/m/n/10 Md Iqbal Hos-
 []


Underfull \hbox (badness 10000) in paragraph at lines 448--448
[]|\OT1/cmr/m/n/10 Sammi Abida
 []


Overfull \hbox (23.69481pt too wide) in paragraph at lines 459--459
[]|\OT1/cmr/m/n/10 littlemountainstream@gmail.com| 
 []

[13]
Overfull \hbox (1.38924pt too wide) in paragraph at lines 486--486
[]|\OT1/cmr/m/n/10 mcmahon.kathy@gmail.com| 
 []


Overfull \vbox (12.0pt too high) detected at line 489
 []


Underfull \hbox (badness 10000) in paragraph at lines 490--490
[]|\OT1/cmr/m/n/10 M Pa-tri-
 []


Underfull \hbox (badness 10000) in paragraph at lines 490--490
\OT1/cmr/m/n/10 cia Dorado-
 []


Overfull \hbox (20.00024pt too wide) in paragraph at lines 490--490
[]|\OT1/cmr/m/n/10 0115216622048675| 
 []


Overfull \hbox (4.8059pt too wide) in paragraph at lines 492--492
[]|\OT1/cmr/m/n/10 jmpatterson2216@gmail.com| 
 []

Missing character: There is no Ã in font cmr10!
Missing character: There is no ƒ in font cmr10!
Missing character: There is no Â in font cmr10!
Missing character: There is no ± in font cmr10!
Missing character: There is no Ã in font cmr10!
Missing character: There is no ƒ in font cmr10!
Missing character: There is no Â in font cmr10!
Missing character: There is no ± in font cmr10!

Overfull \hbox (6.77806pt too wide) in paragraph at lines 507--507
[]|\OT1/cmr/m/n/10 bill@workerincorporated.com| 
 []


Overfull \vbox (12.0pt too high) detected at line 507
 []


Overfull \hbox (11.1392pt too wide) in paragraph at lines 508--508
[]|\OT1/cmr/m/n/10 theorganickitchen@yahoo.com| 
 []


Underfull \hbox (badness 10000) in paragraph at lines 516--516
[]|\OT1/cmr/m/n/10 Meredith Lip-
 []

[14]
Overfull \hbox (8.5003pt too wide) in paragraph at lines 525--525
[]|\OT1/cmr/m/n/10 sandeep.shrotriya@gmail.com| 
 []


Underfull \hbox (badness 10000) in paragraph at lines 526--526
[]|\OT1/cmr/m/n/10 ashwini ra-
 []


Overfull \hbox (33.97256pt too wide) in paragraph at lines 528--528
[]|\OT1/cmr/m/n/10 welovedogs@dogmadogdaycare.com| 
 []


Underfull \hbox (badness 10000) in paragraph at lines 534--534
[]|\OT1/cmr/m/n/10 Caryn Isom
 []


Overfull \vbox (12.0pt too high) detected at line 534
 []


Overfull \hbox (3.1114pt too wide) in paragraph at lines 537--537
[]|\OT1/cmr/m/n/10 veronicaf@email.arizona.edu| 
 []


Underfull \hbox (badness 10000) in paragraph at lines 540--540
[]|\OT1/cmr/m/n/10 Francine Mar-
 []


Underfull \hbox (badness 10000) in paragraph at lines 546--546
[]|\OT1/cmr/m/n/10 Stephanie Car-
 []


Underfull \hbox (badness 10000) in paragraph at lines 550--550
[]|\OT1/cmr/m/n/10 Daniel Cas-
 []

[15]
Underfull \hbox (badness 10000) in paragraph at lines 565--565
[]|\OT1/cmr/m/n/10 Danyelle
 []


Overfull \hbox (0.58365pt too wide) in paragraph at lines 565--565
[]|\OT1/cmr/m/n/10 danyellekhmara@gmail.com| 
 []


Underfull \hbox (badness 10000) in paragraph at lines 565--565
[]|\OT1/cmr/m/n/10 (818) 512-
 []


Underfull \hbox (badness 10000) in paragraph at lines 566--566
[]|\OT1/cmr/m/n/10 Laura McAn-
 []


Underfull \hbox (badness 10000) in paragraph at lines 566--566
[]|\OT1/cmr/m/n/10 (520) 401-
 []


Overfull \vbox (12.0pt too high) detected at line 568
 []


Underfull \hbox (badness 10000) in paragraph at lines 571--571
[]|\OT1/cmr/m/n/10 Lesleigh
 []


Overfull \hbox (21.94478pt too wide) in paragraph at lines 571--571
[]|\OT1/cmr/m/n/10 Lesleigh.rutkowski@hotmail.com| 
 []


Underfull \hbox (badness 10000) in paragraph at lines 575--575
[]|\OT1/cmr/m/n/10 Michelle Ren-
 []


Underfull \hbox (badness 10000) in paragraph at lines 578--578
[]|\OT1/cmr/m/n/10 Ken Youens-
 []


Overfull \vbox (12.0pt too high) detected at line 580
 []

! You can't use `macro parameter character #' in horizontal mode.
<argument> 1810 E Blacklidge Dr. ##
                                   606
l.583 ...row{2}{100pt}{1810 E Blacklidge Dr. #606}
                                                   \\
Sorry, but I'm not programmed to handle this case;
I'll just pretend that you didn't ask for it.
If you're in the wrong mode, you might be able to
return to the right one by typing `I}' or `I$' or `I\par'.

[16]
! You can't use `macro parameter character #' in horizontal mode.
<argument> 4357 N. Rio Cancion ##
                                 370
l.592 ...tirow{2}{100pt}{4357 N. Rio Cancion #370}
                                                   \\
Sorry, but I'm not programmed to handle this case;
I'll just pretend that you didn't ask for it.
If you're in the wrong mode, you might be able to
return to the right one by typing `I}' or `I$' or `I\par'.


Underfull \hbox (badness 10000) in paragraph at lines 610--610
[]|\OT1/cmr/m/n/10 Lisa Hacker
 []

[17]
Overfull \vbox (12.0pt too high) detected at line 622
 []


Underfull \hbox (badness 10000) in paragraph at lines 625--625
[]|\OT1/cmr/m/n/10 Athena Gan-
 []


Overfull \hbox (7.0003pt too wide) in paragraph at lines 625--625
[]|\OT1/cmr/m/n/10 athena.ganchorre@gmail.com| 
 []


Overfull \hbox (1.73918pt too wide) in paragraph at lines 628--628
[]|\OT1/cmr/m/n/10 jesenia[]ortega@hotmail.com| 
 []


Overfull \vbox (12.0pt too high) detected at line 628
 []


Underfull \hbox (badness 10000) in paragraph at lines 644--644
[]|\OT1/cmr/m/n/10 Athena Gan-
 []


Overfull \hbox (4.22252pt too wide) in paragraph at lines 644--644
[]|\OT1/cmr/m/n/10 athenaganchorre@gmail.com| 
 []


Overfull \hbox (4.94476pt too wide) in paragraph at lines 646--646
[]|\OT1/cmr/m/n/10 Lorenaromero99@yahoo.com| 
 []


Underfull \hbox (badness 10000) in paragraph at lines 649--649
[]|\OT1/cmr/m/n/10 Justine Wol-ge-
 []


Underfull \hbox (badness 10000) in paragraph at lines 650--650
[]|\OT1/cmr/m/n/10 Charles Wol-ge-
 []


Underfull \hbox (badness 10000) in paragraph at lines 652--652
[]|\OT1/cmr/m/n/10 Justine Wol-ge-
 []


Underfull \hbox (badness 10000) in paragraph at lines 653--653
[]|\OT1/cmr/m/n/10 Charles Wol-ge-
 []


Overfull \hbox (1.73918pt too wide) in paragraph at lines 655--655
[]|\OT1/cmr/m/n/10 jesenia[]ortega@hotmail.com| 
 []


Overfull \vbox (12.0pt too high) detected at line 655
 []


Overfull \hbox (2.26698pt too wide) in paragraph at lines 656--656
[]|\OT1/cmr/m/n/10 ortega[]alfredo@hotmail.com| 
 []

[18]
! Misplaced \noalign.
\hline ->\noalign 
                  {\ifnum 0=`}\fi \hrule \@height \arrayrulewidth \futurelet...
l.664 \hline
            
I expect to see \noalign only after the \cr of
an alignment. Proceed, and I'll ignore this case.

Package atveryend Info: Empty hook `BeforeClearDocument' on input line 667.
[19]
Package atveryend Info: Empty hook `AfterLastShipout' on input line 667.
 (CreateSHdirectory.aux)
Package atveryend Info: Executing hook `AtVeryEndDocument' on input line 667.
Package atveryend Info: Executing hook `AtEndAfterFileList' on input line 667.
Package rerunfilecheck Info: File `CreateSHdirectory.out' has not changed.
(rerunfilecheck)             Checksum: 066064714BBF8FE0A9F31727880922CD;1092.
Package atveryend Info: Empty hook `AtVeryVeryEnd' on input line 667.
 ) 
Here is how much of TeX's memory you used:
 5744 strings out of 493634
 84711 string characters out of 3143735
 211616 words of memory out of 3000000
 9032 multiletter control sequences out of 15000+200000
 5764 words of font info for 21 fonts, out of 3000000 for 9000
 1025 hyphenation exceptions out of 8191
 29i,7n,32p,308b,413s stack positions out of 5000i,500n,10000p,200000b,50000s
<C:/Program Files/MiKTeX 2.9/fonts/type1/public/amsfonts/cm/cmbx10.pfb><C:/Pr
ogram Files/MiKTeX 2.9/fonts/type1/public/amsfonts/cm/cmbx12.pfb><C:/Program Fi
les/MiKTeX 2.9/fonts/type1/public/amsfonts/cm/cmr10.pfb>
Output written on CreateSHdirectory.pdf (19 pages, 237224 bytes).
PDF statistics:
 234 PDF objects out of 1000 (max. 8388607)
 57 named destinations out of 1000 (max. 500000)
 174 words of extra memory for PDF output out of 10000 (max. 10000000)

